2024-03-28 1.10.1版本发布
  - 由于MCBBS关闭,删除插件中指向MCBBS的链接
  - 其他细节修正和优化
2023-08-28 1.10.0版本发布
  - 添加了从EssentialsX迁移数据到本插件的功能
  - 优化检查更新逻辑
  - 语言文件更新，版本号升级为2
  - 添加无视传送延时权限 默认op拥有
  - 添加配置选项"tpDelay" 用来设置传送延时，在此期间移动将会取消传送
  - 添加了一些PlaceholderAPI占位符，可用来获取玩家设置的家列表、传送点列表、玩家随机传送次数等
  - 现在使用home命令时不提供参数将自动指定为第一个家(此前仅在只有一个家的情况下才会自动指定)
  - 添加了/homes命令用来显示已设置的家
  - 添加无视家数量上限权限 默认op拥有
  - 添加配置选项"sethomeMax" 用来指定家的数量上限
  - 修复了家的名称为"=="时会导致读取homes.yml报错的问题
  - 修复了在配置文件中提供错误的"sethomeConsume"和"tprConsume"会导致报错的问题
  - 其他细节修正和优化
2022-01-26 1.9.1版本发布
  - 修复了接受传送请求后发起者收到的部分提示文本没有替换占位符的错误
2022-01-06 1.9.0版本发布
  - 添加了语言文件，可在配置文件中修改使用的语言，默认为简体中文(目前也只有简体中文)
  - 现在使用命令的花费支持消耗金币/点券了，并且支持对每个命令单独指定花费类型
  - 对于无参数的命令，不再强制要求不提供参数，现在会忽略多余的参数
  - 配置文件、数据文件全部使用UTF8编码读写，不再需要转为系统编码
  - 如果玩家退出时有未处理的传送请求，现在可以在重进后正常处理
  - 修复了/LiteTeleport命令的子命令不能使用大写字母的问题
  - 添加配置选项"tpCooldown" 用来设置传送命令的冷却时间
  - 添加配置选项"tprCenter" 用来选择随机传送的中心点
  - 添加配置选项"checkUpdate" 用来开关自动检查更新
  - 现在/setspawn命令会保存精确的位置
  - 现在家和传送点名称支持更多字符了
  - 添加无视传送冷却时间的权限 默认op拥有
  - 其他细节修正和优化
2021-11-27 1.8.1版本发布
  - 修复了在1.12.1及之前的版本中使用/setspawn命令会报错的问题
2021-10-27 1.8.0版本发布
  - 修复家和传送点名称中包含大写字母可能造成不能TAB补全的问题
  - 增加"首次设置家消耗的经验等级"设置
  - 优化花费相关代码，以便未来或许支持金钱、点券等其他花费
  - 传送花费为0时不再提示需要消耗0级经验
  - 增加免费传送权限、免费tpr权限、免费sethome权限 默认op拥有
  - 其他细节优化
2021-10-20 1.7.1版本发布
  - 修改"back"命令使其兼容其他插件和命令的传送，现在用其他插件传送后可以正确/back回到原处
  - 接入bStats.org匿名统计信息
2021-10-12 1.6.0版本发布